0 info it worked if it ends with ok
1 verbose cli [ 'C:\\Program Files\\nodejs\\node.exe',
1 verbose cli   'C:\\Program Files\\nodejs\\node_modules\\npm\\bin\\npm-cli.js',
1 verbose cli   'run',
1 verbose cli   'serve' ]
2 info using npm@3.10.9
3 info using node@v6.9.2
4 verbose run-script [ 'preserve', 'serve', 'postserve' ]
5 info lifecycle luminaria@1.0.0~preserve: luminaria@1.0.0
6 silly lifecycle luminaria@1.0.0~preserve: no script for preserve, continuing
7 info lifecycle luminaria@1.0.0~serve: luminaria@1.0.0
8 verbose lifecycle luminaria@1.0.0~serve: unsafe-perm in lifecycle true
9 verbose lifecycle luminaria@1.0.0~serve: PATH: C:\Program Files\nodejs\node_modules\npm\bin\node-gyp-bin;C:\Dev\projetos\luminaria-rgb-arduino-android\luminaria\node_modules\.bin;C:\Program Files (x86)\NVIDIA Corporation\PhysX\Common;C:\Program Files (x86)\Intel\iCLS Client\;C:\Program Files\Intel\iCLS Client\;C:\Windows\system32;C:\Windows;C:\Windows\System32\Wbem;C:\Windows\System32\WindowsPowerShell\v1.0\;C:\Program Files (x86)\AMD\ATI.ACE\Core-Static;C:\Program Files\Intel\Intel(R) Management Engine Components\DAL;C:\Program Files\Intel\Intel(R) Management Engine Components\IPT;C:\Program Files (x86)\Intel\Intel(R) Management Engine Components\DAL;C:\Program Files (x86)\Intel\Intel(R) Management Engine Components\IPT;C:\Program Files\nodejs;C:\Program Files\Git\cmd;C:\Program Files\Java\jdk1.8.0_111\bin;C:\Dev\android-sdk\tools;C:\Dev\android-sdk\platform-tools;C:\Users\roger\AppData\Local\Microsoft\WindowsApps;C:\Users\roger\AppData\Roaming\npm;C:\Users\roger\AppData\Local\atom\bin;C:\Dev\spring\bin;C:\Dev\maven\apache-maven-3.3.9\bin;C:\Program Files (x86)\Microsoft VS Code\bin
10 verbose lifecycle luminaria@1.0.0~serve: CWD: C:\Dev\projetos\luminaria-rgb-arduino-android\luminaria
11 silly lifecycle luminaria@1.0.0~serve: Args: [ '/d /s /c', 'http-server www' ]
12 verbose stack Error: kill ENOSYS
12 verbose stack     at exports._errnoException (util.js:1022:11)
12 verbose stack     at process.kill (internal/process.js:172:13)
12 verbose stack     at process.listener (C:\Program Files\nodejs\node_modules\npm\node_modules\npmlog\node_modules\gauge\node_modules\signal-exit\index.js:86:15)
12 verbose stack     at emitNone (events.js:91:20)
12 verbose stack     at process.emit (events.js:185:7)
12 verbose stack     at processEmit (C:\Program Files\nodejs\node_modules\npm\node_modules\npmlog\node_modules\gauge\node_modules\signal-exit\index.js:146:32)
12 verbose stack     at processEmit (C:\Program Files\nodejs\node_modules\npm\node_modules\npm-registry-client\node_modules\npmlog\node_modules\gauge\node_modules\signal-exit\index.js:146:32)
12 verbose stack     at Signal.wrap.onsignal (internal/process.js:199:44)
13 verbose cwd C:\Dev\projetos\luminaria-rgb-arduino-android\luminaria
14 error Windows_NT 10.0.14393
15 error argv "C:\\Program Files\\nodejs\\node.exe" "C:\\Program Files\\nodejs\\node_modules\\npm\\bin\\npm-cli.js" "run" "serve"
16 error node v6.9.2
17 error npm  v3.10.9
18 error code ENOSYS
19 error errno ENOSYS
20 error syscall kill
21 error kill ENOSYS
22 error If you need help, you may report this error at:
22 error     <https://github.com/npm/npm/issues>
23 verbose exit [ 1, true ]
